Environment variables:
  - Apple_PubSub_Socket_Render=/private/tmp/com.apple.launchd.7XXG3GVYOL/Render
  - DISPLAY=/private/tmp/com.apple.launchd.UAtufT9oNW/org.macosforge.xquartz:0
  - HOME=/Users/steven.fy
  - JAVA_ARCH=x86_64
  - JAVA_MAIN_CLASS_72245=org.sonarsource.scanner.cli.Main
  - LANG=fr_FR.UTF-8
  - LOGNAME=steven.fy
  - PATH=/Users/steven.fy/Library/Android/sdk/platform-tools:/usr/local/bin:/usr/bin:/bin:/usr/sbin:/sbin:/usr/local/share/dotnet:/opt/X11/bin:/Library/Frameworks/Mono.framework/Versions/Current/Commands
  - PWD=/Users/steven.fy/Desktop/SnowIO-iOS
  - SHELL=/bin/bash
  - SHLVL=1
  - SONAR_SCANNER_HOME=/usr/local/Cellar/sonar-scanner/3.0.3.778/libexec
  - SSH_AUTH_SOCK=/private/tmp/com.apple.launchd.1l1Q8UAE4Q/Listeners
  - TERM=xterm-256color
  - TERM_PROGRAM=Apple_Terminal
  - TERM_PROGRAM_VERSION=404
  - TERM_SESSION_ID=8C4F7003-B908-4027-81FB-D5BBCE2AD386
  - TMPDIR=/var/folders/h5/61vz2yfs45qdjcf7980r5tfr0000gn/T/
  - USER=steven.fy
  - XPC_FLAGS=0x0
  - XPC_SERVICE_NAME=0
  - __CF_USER_TEXT_ENCODING=0x1F5:0x0:0x1
  - com.apple.java.jvmTask=CommandLine
System properties:
  - awt.toolkit=sun.lwawt.macosx.LWCToolkit
  - file.encoding=UTF-8
  - file.encoding.pkg=sun.io
  - file.separator=/
  - ftp.nonProxyHosts=local|*.local|169.254/16|*.169.254/16
  - gopherProxySet=false
  - http.nonProxyHosts=local|*.local|169.254/16|*.169.254/16
  - java.awt.graphicsenv=sun.awt.CGraphicsEnvironment
  - java.awt.headless=true
  - java.awt.printerjob=sun.lwawt.macosx.CPrinterJob
  - java.class.path=/usr/local/Cellar/sonar-scanner/3.0.3.778/libexec/lib/sonar-scanner-cli-3.0.3.778.jar
  - java.class.version=52.0
  - java.endorsed.dirs=/Library/Java/JavaVirtualMachines/jdk1.8.0_144.jdk/Contents/Home/jre/lib/endorsed
  - java.ext.dirs=/Users/steven.fy/Library/Java/Extensions:/Library/Java/JavaVirtualMachines/jdk1.8.0_144.jdk/Contents/Home/jre/lib/ext:/Library/Java/Extensions:/Network/Library/Java/Extensions:/System/Library/Java/Extensions:/usr/lib/java
  - java.home=/Library/Java/JavaVirtualMachines/jdk1.8.0_144.jdk/Contents/Home/jre
  - java.io.tmpdir=/var/folders/h5/61vz2yfs45qdjcf7980r5tfr0000gn/T/
  - java.library.path=/Users/steven.fy/Library/Java/Extensions:/Library/Java/Extensions:/Network/Library/Java/Extensions:/System/Library/Java/Extensions:/usr/lib/java:.
  - java.runtime.name=Java(TM) SE Runtime Environment
  - java.runtime.version=1.8.0_144-b01
  - java.specification.name=Java Platform API Specification
  - java.specification.vendor=Oracle Corporation
  - java.specification.version=1.8
  - java.vendor=Oracle Corporation
  - java.vendor.url=http://java.oracle.com/
  - java.vendor.url.bug=http://bugreport.sun.com/bugreport/
  - java.version=1.8.0_144
  - java.vm.info=mixed mode
  - java.vm.name=Java HotSpot(TM) 64-Bit Server VM
  - java.vm.specification.name=Java Virtual Machine Specification
  - java.vm.specification.vendor=Oracle Corporation
  - java.vm.specification.version=1.8
  - java.vm.vendor=Oracle Corporation
  - java.vm.version=25.144-b01
  - line.separator=

  - os.arch=x86_64
  - os.name=Mac OS X
  - os.version=10.13.5
  - path.separator=:
  - project.home=/Users/steven.fy/Desktop/SnowIO-iOS
  - scanner.home=/usr/local/Cellar/sonar-scanner/3.0.3.778/libexec
  - socksNonProxyHosts=local|*.local|169.254/16|*.169.254/16
  - sun.arch.data.model=64
  - sun.boot.class.path=/Library/Java/JavaVirtualMachines/jdk1.8.0_144.jdk/Contents/Home/jre/lib/resources.jar:/Library/Java/JavaVirtualMachines/jdk1.8.0_144.jdk/Contents/Home/jre/lib/rt.jar:/Library/Java/JavaVirtualMachines/jdk1.8.0_144.jdk/Contents/Home/jre/lib/sunrsasign.jar:/Library/Java/JavaVirtualMachines/jdk1.8.0_144.jdk/Contents/Home/jre/lib/jsse.jar:/Library/Java/JavaVirtualMachines/jdk1.8.0_144.jdk/Contents/Home/jre/lib/jce.jar:/Library/Java/JavaVirtualMachines/jdk1.8.0_144.jdk/Contents/Home/jre/lib/charsets.jar:/Library/Java/JavaVirtualMachines/jdk1.8.0_144.jdk/Contents/Home/jre/lib/jfr.jar:/Library/Java/JavaVirtualMachines/jdk1.8.0_144.jdk/Contents/Home/jre/classes
  - sun.boot.library.path=/Library/Java/JavaVirtualMachines/jdk1.8.0_144.jdk/Contents/Home/jre/lib
  - sun.cpu.endian=little
  - sun.cpu.isalist=
  - sun.io.unicode.encoding=UnicodeBig
  - sun.java.command=org.sonarsource.scanner.cli.Main -Dsonar.projectKey=SnowIO-iOS -Dsonar.organization=westfr-github -Dsonar.sources=. -Dsonar.host.url=https://sonarcloud.io -Dsonar.login=c331c6f82ee4dcd90e9d16c065338a45f335b733 -X
  - sun.java.launcher=SUN_STANDARD
  - sun.jnu.encoding=UTF-8
  - sun.management.compiler=HotSpot 64-Bit Tiered Compilers
  - sun.os.patch.level=unknown
  - user.country=FR
  - user.dir=/Users/steven.fy/Desktop/SnowIO-iOS
  - user.home=/Users/steven.fy
  - user.language=fr
  - user.language.format=en
  - user.name=steven.fy
  - user.timezone=Europe/Paris
SonarQube plugins:
  - Bitbucket Authentication for SonarQube 1.1.0.344 (authbitbucket)
  - SonarPLSQL 3.2.0.1753 (plsql)
  - SonarC# 7.2.0.5463 (csharp)
  - SonarSecurity 7.2.0.944 (security)
  - SonarJava 5.4.0.14284 (java)
  - SonarWeb 2.6.0.1053 (web)
  - SonarFlex 2.4.0.1222 (flex)
  - SonarXML 1.5.1.1452 (xml)
  - SonarTS 1.7.0.2828 (typescript)
  - SonarVB 5.1.0.442 (vbnet)
  - SonarSwift 3.3.0.2492 (swift)
  - GitHub 1.4.2.1027 (github)
  - SonarCFamily 5.1.0.10083 (cpp)
  - SonarPython 1.10.0.2131 (python)
  - GitHub Authentication for SonarQube 1.4.0.660 (authgithub)
  - Mercurial 1.1.1 (scmmercurial)
  - SonarGo 1.1.0.1612 (go)
  - Microsoft Authentication for SonarCloud 1.0.0.157 (authmicrosoft)
  - SonarTSQL 1.2.0.2539 (tsql)
  - SonarJS 4.1.0.6085 (javascript)
  - License for SonarLint 7.3.0.13459 (license)
  - Git 1.5.0.1160 (scmgit)
  - SonarPHP 2.13.0.3107 (php)
  - SonarABAP 3.6.0.1269 (abap)
Global properties:
  - email.from=noreply@sonarcloud.io
  - email.prefix=[SonarCloud]
  - sonar.auth.bitbucket.enabled=true
  - sonar.auth.github.allowUsersToSignUp=true
  - sonar.auth.github.enabled=true
  - sonar.auth.microsoft.enabled=true
  - sonar.core.id=AWHW8ct9-T_TB3XqouNu
  - sonar.core.serverBaseURL=https://sonarcloud.io
  - sonar.core.startTime=2018-06-18T12:48:27+0200
  - sonar.cpd.cross_project=false
  - sonar.dbcleaner.daysBeforeDeletingClosedIssues=730
  - sonar.dbcleaner.weeksBeforeDeletingAllSnapshots=480
  - sonar.dbcleaner.weeksBeforeKeepingOnlyOneSnapshotByMonth=4
  - sonar.dbcleaner.weeksBeforeKeepingOnlyOneSnapshotByWeek=1
  - sonar.java.collectAnalysisErrors=true
  - sonar.leak.period=30
  - sonar.lf.aboutText=<div class="boxed-group" style="border: none; border-radius: 3px;">
  <div class="boxed-group-inner clearfix" style="padding: 30px; border-radius: 3px; border: #e6e6e6 1px solid; background: #f3f3f3;">
    <div style="overflow: hidden; line-height: 1.5; font-size: 16px;">
      <p>
Analyze your open source and private projects on SonarCloud.
Select your <a href="https://about.sonarcloud.io">plan</a> and start improving. 
      </p>
    </div>
  </div>
</div>
  - sonar.lf.enableGravatar=true
  - sonar.lf.logoUrl=https://about.sonarcloud.io/images/SonarCloud-white-210px.png
  - sonar.lf.logoWidthPx=105
  - sonar.organizations.anyoneCanCreate=true
  - sonar.organizations.createPersonalOrg=true
  - sonar.plsql.file.suffixes=sql,tab,pkb
  - sonar.tsql.file.suffixes=.tsql
Settings for module: SnowIO-iOS
  - sonar.cfamily.build-wrapper-output.bypass=true
  - sonar.host.url=https://sonarcloud.io
  - sonar.login=******
  - sonar.organization=westfr-github
  - sonar.projectBaseDir=/Users/steven.fy/Desktop/SnowIO-iOS
  - sonar.projectKey=SnowIO-iOS
  - sonar.projectName=SnowIO-iOS
  - sonar.projectVersion=1.0
  - sonar.sourceEncoding=UTF-8
  - sonar.sources=.
  - sonar.verbose=true
  - sonar.working.directory=/Users/steven.fy/Desktop/SnowIO-iOS/.scannerwork
